2024-10-11 11:48:49,401- DEBUG- updated array will be: [[ 6  8 10]
 [12 14 16]]
2024-10-11 11:52:04,418- DEBUG- updated array will be: [[ 0  1  2]
 [ 3  4  5]
 [ 6  7  8]
 [ 9 10 11]]
2024-10-11 11:55:02,767- DEBUG- updated array will be: [[ 0  1  2]
 [ 3  4  5]
 [ 6  7  8]
 [ 9 10 11]]
2024-10-11 11:55:07,552- DEBUG- updated array will be: [[ 0  1  2]
 [ 3  4  5]
 [ 6  7  8]
 [ 9 10 11]]
2024-10-11 11:55:19,780- DEBUG- updated array will be: [[ 0  1  2  6  7  8]
 [ 3  4  5  9 10 11]]
2024-10-11 11:55:41,753- DEBUG- updated array will be: [[ 0  1  2]
 [ 3  4  5]
 [ 6  7  8]
 [ 9 10 11]]
2024-10-11 11:57:36,558- DEBUG- updated array will be: [[ 0  1  2  6  7  8]
 [ 3  4  5  9 10 11]]
